#
# There is insufficient memory for the Java Runtime Environment to continue.
# Native memory allocation (malloc) failed to allocate 1048576 bytes for AllocateHeap
# Possible reasons:
#   The system is out of physical RAM or swap space
#   In 32 bit mode, the process size limit was hit
# Possible solutions:
#   Reduce memory load on the system
#   Increase physical memory or swap space
#   Check if swap backing store is full
#   Use 64 bit Java on a 64 bit OS
#   Decrease Java heap size (-Xmx/-Xms)
#   Decrease number of Java threads
#   Decrease Java thread stack sizes (-Xss)
#   Set larger code cache with -XX:ReservedCodeCacheSize=
# This output file may be truncated or incomplete.
#
#  Out of Memory Error (memory/allocation.inline.hpp:61), pid=1804, tid=0x0000000000001ec0
#
# JRE version:  (8.0_152-b01) (build )
# Java VM: OpenJDK 64-Bit Server VM (25.152-b01 mixed mode windows-amd64 compressed oops)
# Failed to write core dump. Minidumps are not enabled by default on client versions of Windows
#

---------------  T H R E A D  ---------------

Current thread (0x0000000002dd2800):  JavaThread "Unknown thread" [_thread_in_vm, id=7872, stack(0x0000000002cd0000,0x0000000002dd0000)]

Stack: [0x0000000002cd0000,0x0000000002dd0000]
[error occurred during error reporting (printing stack bounds), id 0xc0000005]

Native frames: (J=compiled Java code, j=interpreted, Vv=VM code, C=native code)


---------------  P R O C E S S  ---------------

Java Threads: ( => current thread )

Other Threads:

=>0x0000000002dd2800 (exited) JavaThread "Unknown thread" [_thread_in_vm, id=7872, stack(0x0000000002cd0000,0x0000000002dd0000)]

VM state:not at safepoint (normal execution)

VM Mutex/Monitor currently owned by a thread: None

Heap:
 PSYoungGen      total 76288K, used 1310K [0x00000000eab00000, 0x00000000f0000000, 0x0000000100000000)
  eden space 65536K, 2% used [0x00000000eab00000,0x00000000eac47af0,0x00000000eeb00000)
  from space 10752K, 0% used [0x00000000ef580000,0x00000000ef580000,0x00000000f0000000)
  to   space 10752K, 0% used [0x00000000eeb00000,0x00000000eeb00000,0x00000000ef580000)
 ParOldGen       total 175104K, used 0K [0x00000000c0000000, 0x00000000cab00000, 0x00000000eab00000)
  object space 175104K, 0% used [0x00000000c0000000,0x00000000c0000000,0x00000000cab00000)
 Metaspace       used 772K, capacity 4480K, committed 4480K, reserved 1056768K
  class space    used 73K, capacity 384K, committed 384K, reserved 1048576K

Card table byte_map: [0x0000000012290000,0x00000000124a0000] byte_map_base: 0x0000000011c90000

Marking Bits: (ParMarkBitMap*) 0x000000006b395aa0
 Begin Bits: [0x0000000013000000, 0x0000000014000000)
 End Bits:   [0x0000000014000000, 0x0000000015000000)

Polling page: 0x0000000000e10000

CodeCache: size=245760Kb used=327Kb max_used=327Kb free=245432Kb
 bounds [0x0000000002ed0000, 0x0000000003140000, 0x0000000011ed0000]
 total_blobs=56 nmethods=0 adapters=38
 compilation: enabled

Compilation events (0 events):
No events

GC Heap History (0 events):
No events

Deoptimization events (0 events):
No events

Classes redefined (0 events):
No events

Internal exceptions (0 events):
No events

Events (10 events):
Event: 0.023 loading class java/lang/Short
Event: 0.023 loading class java/lang/Short done
Event: 0.023 loading class java/lang/Integer
Event: 0.023 loading class java/lang/Integer done
Event: 0.023 loading class java/lang/Long
Event: 0.024 loading class java/lang/Long done
Event: 0.025 loading class java/lang/NullPointerException
Event: 0.025 loading class java/lang/NullPointerException done
Event: 0.025 loading class java/lang/ArithmeticException
Event: 0.026 loading class java/lang/ArithmeticException done


Dynamic libraries:
0x00007ff704c10000 - 0x00007ff704c41000 	C:\Program Files\Android\Android Studio\jre\bin\java.exe
0x00007ffe4c8e0000 - 0x00007ffe4cac1000 	C:\WINDOWS\SYSTEM32\ntdll.dll
0x00007ffe49d70000 - 0x00007ffe49e22000 	C:\WINDOWS\System32\KERNEL32.DLL
0x00007ffe49590000 - 0x00007ffe49803000 	C:\WINDOWS\System32\KERNELBASE.dll
0x00007ffe4a660000 - 0x00007ffe4a701000 	C:\WINDOWS\System32\ADVAPI32.dll
0x00007ffe4c350000 - 0x00007ffe4c3ee000 	C:\WINDOWS\System32\msvcrt.dll
0x00007ffe49e30000 - 0x00007ffe49e8b000 	C:\WINDOWS\System32\sechost.dll
0x00007ffe4c770000 - 0x00007ffe4c894000 	C:\WINDOWS\System32\RPCRT4.dll
0x00007ffe4c5e0000 - 0x00007ffe4c770000 	C:\WINDOWS\System32\USER32.dll
0x00007ffe49cf0000 - 0x00007ffe49d10000 	C:\WINDOWS\System32\win32u.dll
0x00007ffe49e90000 - 0x00007ffe49eb8000 	C:\WINDOWS\System32\GDI32.dll
0x00007ffe49aa0000 - 0x00007ffe49c32000 	C:\WINDOWS\System32\gdi32full.dll
0x00007ffe49a00000 - 0x00007ffe49a9f000 	C:\WINDOWS\System32\msvcp_win.dll
0x00007ffe48d80000 - 0x00007ffe48e78000 	C:\WINDOWS\System32\ucrtbase.dll
0x00007ffe3f1c0000 - 0x00007ffe3f429000 	C:\WINDOWS\WinSxS\amd64_microsoft.windows.common-controls_6595b64144ccf1df_6.0.17134.648_none_fb45a0e93062a6d2\COMCTL32.dll
0x00007ffe4a330000 - 0x00007ffe4a652000 	C:\WINDOWS\System32\combase.dll
0x00007ffe48cb0000 - 0x00007ffe48d2a000 	C:\WINDOWS\System32\bcryptPrimitives.dll
0x00007ffe4bee0000 - 0x00007ffe4bf0d000 	C:\WINDOWS\System32\IMM32.DLL
0x000000006bb70000 - 0x000000006bc42000 	C:\Program Files\Android\Android Studio\jre\jre\bin\msvcr100.dll
0x000000006abd0000 - 0x000000006b411000 	C:\Program Files\Android\Android Studio\jre\jre\bin\server\jvm.dll
0x00007ffe4c8a0000 - 0x00007ffe4c8a8000 	C:\WINDOWS\System32\PSAPI.DLL
0x00007ffe47820000 - 0x00007ffe4782a000 	C:\WINDOWS\SYSTEM32\VERSION.dll
0x00007ffe45790000 - 0x00007ffe457b3000 	C:\WINDOWS\SYSTEM32\WINMM.dll
0x00007ffe33f20000 - 0x00007ffe33f29000 	C:\WINDOWS\SYSTEM32\WSOCK32.dll
0x00007ffe4a800000 - 0x00007ffe4a86c000 	C:\WINDOWS\System32\WS2_32.dll
0x00007ffe45740000 - 0x00007ffe4576a000 	C:\WINDOWS\SYSTEM32\WINMMBASE.dll
0x00007ffe48d30000 - 0x00007ffe48d79000 	C:\WINDOWS\System32\cfgmgr32.dll
0x00007ffe47780000 - 0x00007ffe4778f000 	C:\Program Files\Android\Android Studio\jre\jre\bin\verify.dll
0x00007ffe3fbc0000 - 0x00007ffe3fbe9000 	C:\Program Files\Android\Android Studio\jre\jre\bin\java.dll
0x00007ffe43070000 - 0x00007ffe43086000 	C:\Program Files\Android\Android Studio\jre\jre\bin\zip.dll

VM Arguments:
jvm_args: -Djava.awt.headless=true -Xmx1024M -Dfile.encoding=windows-1252 -Duser.country=US -Duser.language=en -Duser.variant 
java_command: com.android.dx.command.Main --dex --force-jumbo --num-threads=4 --multi-dex --output C:\Users\Johnara\AndroidStudioProjects\AndroidLoginAndRegistration\app\build\intermediates\transforms\dex\debug\folders\1000\10000\instant-run_d055098c797b74af5f07201d0eff3b786cca4a21 C:\Users\Johnara\AndroidStudioProjects\AndroidLoginAndRegistration\app\build\intermediates\incremental-runtime-classes\debug\instant-run.jar
java_class_path (initial): C:\Users\Johnara\AppData\Local\Android\Sdk\build-tools\25.0.0\lib\dx.jar
Launcher Type: SUN_STANDARD

Environment Variables:
JAVA_HOME=C:\NVPACK\jdk1.8.0_77
PATH=C:\Program Files (x86)\Common Files\Oracle\Java\javapath;C:\Program Files (x86)\Razer Chroma SDK\bin;C:\Program Files\Razer Chroma SDK\bin;C:\Windows\system32;C:\Windows;C:\Windows\System32\Wbem;C:\Windows\System32\WindowsPowerShell\v1.0\;C:\Program Files (x86)\NVIDIA Corporation\PhysX\Common;C:\Users\Johnara\AppData\Local\Microsoft\WindowsApps;C:\Program Files\Git\cmd;C:\WINDOWS\system32;C:\WINDOWS;C:\WINDOWS\System32\Wbem;C:\WINDOWS\System32\WindowsPowerShell\v1.0\;C:\Users\Johnara\AppData\Local\atom\bin;C:\Program Files\Microsoft VS Code\bin;C:\Users\Johnara\AppData\Local\GitHubDesktop\bin;C:\adb;C:\Program Files (x86)\Windows Kits\8.1\Windows Performance Toolkit\;C:\Program Files\Java\jre1.8.0_161\bin\;C:\WINDOWS\system32;C:\WINDOWS;C:\WINDOWS\System32\Wbem;C:\WINDOWS\System32\WindowsPowerShell\v1.0\;C:\WINDOWS\System32\OpenSSH\;C:\Program Files (x86)\sbt\bin;E:\MATLAB\R2018b\runtime\win64;E:\MATLAB\R2018b\bin;C:\Program Files\PuTTY\;C:\NVPACK\gradle-2.9\bin;C:\NVPACK\apache-ant-1.8.2\bin;C:\NVPACK\jdk1.8.0_77\bin;C:\NVPACK\android-ndk-r12b;C:\NVPACK\android-sdk-windows\extras\android\support;C:\NVPACK\android-sdk-windows\build-tools;C:\NVPACK\android-sdk-windows\platform-tools;C:\NVPACK\android-sdk-windows\tools;C:\Users\Johnara\AppData\Local\Microsoft\WindowsApps;C:\Users\Johnara\AppData\Local\atom\bin;C:\Program Files\Microsoft VS Code\bin;C:\Users\Johnara\AppData\Local\GitHubDesktop\bin;C:\Users\Johnara\AppData\Local\Microsoft\WindowsApps;C:\Users\Johnara\AppData\Local\GitHubDesktop\bin;C:\Program Files\OpenVPN\bin
USERNAME=Johnara
OS=Windows_NT
PROCESSOR_IDENTIFIER=AMD64 Family 23 Model 1 Stepping 1, AuthenticAMD



---------------  S Y S T E M  ---------------

OS: Windows 10.0 , 64 bit Build 17134 (10.0.17134.648)

CPU:total 12 (initial active 12) (12 cores per cpu, 1 threads per core) family 23 model 1 stepping 1, cmov, cx8, fxsr, mmx, sse, sse2, sse3, ssse3, sse4.1, sse4.2, popcnt, avx, avx2, aes, clmul, mmxext, 3dnowpref, lzcnt, sse4a, tsc, tscinvbit, tscinv, bmi1

Memory: 4k page, physical 16707624k(4655776k free), swap 16707624k(5960k free)

vm_info: OpenJDK 64-Bit Server VM (25.152-b01) for windows-amd64 JRE (1.8.0_152-release-1343-b01), built by "builder" with MS VC++ 10.0 (VS2010)

time: Sun May 12 03:43:29 2019
elapsed time: 0 seconds (0d 0h 0m 0s)

